<?xml version="1.0" encoding="UTF-8" standalone="no"?>
<testsuite failures="0" name="cucumber.runtime.formatter.JUnitFormatter" skipped="1" tests="1" time="0">
<testcase classname="Purchase pellow using valid  credit card" name="Purchase pillow using valid credit card" time="0">
<skipped><![CDATA[Given user is already on Sample store page..................................undefined
When title of main page is Sample Store.....................................undefined
Then user click on Buy Now..................................................undefined
Then user enters count......................................................undefined
Then user enters name.......................................................undefined
Then user enter email.......................................................undefined
Then user enter phone number................................................undefined
Then user enter city........................................................undefined
Then user enter address.....................................................undefined
Then user enter postal code.................................................undefined
Then user click checkout....................................................undefined
Then user verify order summary..............................................undefined
Then user click on continue.................................................undefined
Then Close the browser......................................................undefined
]]></skipped>
</testcase>
</testsuite>
